#
# There is insufficient memory for the Java Runtime Environment to continue.
# Native memory allocation (mmap) failed to map 838860800 bytes for G1 virtual space
# Possible reasons:
#   The system is out of physical RAM or swap space
#   The process is running with CompressedOops enabled, and the Java Heap may be blocking the growth of the native heap
# Possible solutions:
#   Reduce memory load on the system
#   Increase physical memory or swap space
#   Check if swap backing store is full
#   Decrease Java heap size (-Xmx/-Xms)
#   Decrease number of Java threads
#   Decrease Java thread stack sizes (-Xss)
#   Set larger code cache with -XX:ReservedCodeCacheSize=
#   JVM is running with Zero Based Compressed Oops mode in which the Java heap is
#     placed in the first 32GB address space. The Java Heap base address is the
#     maximum limit for the native heap growth. Please use -XX:HeapBaseMinAddress
#     to set the Java Heap base and to place the Java Heap above 32GB virtual address.
# This output file may be truncated or incomplete.
#
#  Out of Memory Error (os_windows.cpp:3552), pid=8272, tid=79184
#
# JRE version:  (17.0.9+11) (build )
# Java VM: Java HotSpot(TM) 64-Bit Server VM (17.0.9+11-LTS-201, mixed mode, emulated-client, sharing, tiered, compressed oops, compressed class ptrs, g1 gc, windows-amd64)
# Core dump will be written. Default location: C:\Users\m.shams\Desktop\graphQlLearning\hs_err_pid8272.mdmp
#

---------------  S U M M A R Y ------------

Command Line: -XX:TieredStopAtLevel=1 -Dspring.output.ansi.enabled=always -Dcom.sun.management.jmxremote -Dspring.jmx.enabled=true -Dspring.liveBeansView.mbeanDomain -Dspring.application.admin.enabled=true -Dmanagement.endpoints.jmx.exposure.include=* -javaagent:C:\Program Files\JetBrains\IntelliJ IDEA 2024.2.4\lib\idea_rt.jar=53981:C:\Program Files\JetBrains\IntelliJ IDEA 2024.2.4\bin -Dfile.encoding=UTF-8 com.NAFKOK.graphQlLearning.GraphQlLearningApplication

Host: Intel(R) Xeon(R) Platinum 8280 CPU @ 2.60GHz, 10 cores, 49G,  Windows Server 2019 , 64 bit Build 17763 (10.0.17763.6292)
Time: Sat Mar  1 10:21:15 2025 Iran Standard Time elapsed time: 0.162471 seconds (0d 0h 0m 0s)

---------------  T H R E A D  ---------------

Current thread (0x000002397e8084f0):  JavaThread "Unknown thread" [_thread_in_vm, id=79184, stack(0x0000009931100000,0x0000009931200000)]

Stack: [0x0000009931100000,0x0000009931200000]
Native frames: (J=compiled Java code, j=interpreted, Vv=VM code, C=native code)
V  [jvm.dll+0x678a4a]
V  [jvm.dll+0x7d9cfd]
V  [jvm.dll+0x7db60e]
V  [jvm.dll+0x7dbc73]
V  [jvm.dll+0x245e1f]
V  [jvm.dll+0x6758f9]
V  [jvm.dll+0x66a2a2]
V  [jvm.dll+0x303686]
V  [jvm.dll+0x30ac06]
V  [jvm.dll+0x35a48e]
V  [jvm.dll+0x35a6bf]
V  [jvm.dll+0x2da678]
V  [jvm.dll+0x2db5e4]
V  [jvm.dll+0x7ab6b1]
V  [jvm.dll+0x368041]
V  [jvm.dll+0x78a749]
V  [jvm.dll+0x3ebd4f]
V  [jvm.dll+0x3ed7d1]
C  [jli.dll+0x5297]
C  [ucrtbase.dll+0x2268a]
C  [KERNEL32.DLL+0x17ac4]
C  [ntdll.dll+0x5a8c1]


---------------  P R O C E S S  ---------------

Threads class SMR info:
_java_thread_list=0x00007ffb408489d8, length=0, elements={
}

Java Threads: ( => current thread )

Other Threads:
  0x000002397eb83470 GCTaskThread "GC Thread#0" [stack: 0x0000009931200000,0x0000009931300000] [id=61128]
  0x000002397eb83bd0 ConcurrentGCThread "G1 Main Marker" [stack: 0x0000009931300000,0x0000009931400000] [id=92836]
  0x000002397e8a6300 ConcurrentGCThread "G1 Conc#0" [stack: 0x0000009931400000,0x0000009931500000] [id=87348]

[error occurred during error reporting (printing all threads), id 0xc0000005, EXCEPTION_ACCESS_VIOLATION (0xc0000005) at pc=0x00007ffb4007b2d7]

VM state: not at safepoint (not fully initialized)

VM Mutex/Monitor currently owned by a thread:  ([mutex/lock_event])
[0x000002397e804100] Heap_lock - owner thread: 0x000002397e8084f0

Heap address: 0x00000004e0000000, size: 12800 MB, Compressed Oops mode: Zero based, Oop shift amount: 3

CDS archive(s) mapped at: [0x0000000000000000-0x0000000000000000-0x0000000000000000), size 0, SharedBaseAddress: 0x0000000800000000, ArchiveRelocationMode: 1.
Narrow klass base: 0x0000000000000000, Narrow klass shift: 0, Narrow klass range: 0x0

GC Precious Log:
<Empty>

Heap:
 garbage-first heap   total 0K, used 0K [0x00000004e0000000, 0x0000000800000000)
  region size 8192K, 0 young (0K), 0 survivors (0K)

[error occurred during error reporting (printing heap information), id 0xc0000005, EXCEPTION_ACCESS_VIOLATION (0xc0000005) at pc=0x00007ffb40462229]

GC Heap History (0 events):
No events

Deoptimization events (0 events):
No events

Classes unloaded (0 events):
No events

Classes redefined (0 events):
No events

Internal exceptions (0 events):
No events

VM Operations (0 events):
No events

Events (1 events):
Event: 0.147 Loaded shared library C:\Program Files\Java\jdk-17\bin\java.dll


Dynamic libraries:
0x00007ff784920000 - 0x00007ff784930000 	C:\Program Files\Java\jdk-17\bin\java.exe
0x00007ffbc1000000 - 0x00007ffbc11ee000 	C:\Windows\SYSTEM32\ntdll.dll
0x00007ffbbe460000 - 0x00007ffbbe513000 	C:\Windows\System32\KERNEL32.DLL
0x00007ffbbda60000 - 0x00007ffbbdcfd000 	C:\Windows\System32\KERNELBASE.dll
0x00007ffbbe0a0000 - 0x00007ffbbe19a000 	C:\Windows\System32\ucrtbase.dll
0x00007ffb95bc0000 - 0x00007ffb95bdb000 	C:\Program Files\Java\jdk-17\bin\VCRUNTIME140.dll
0x00007ffb95ba0000 - 0x00007ffb95bb9000 	C:\Program Files\Java\jdk-17\bin\jli.dll
0x00007ffbc0ee0000 - 0x00007ffbc0f88000 	C:\Windows\System32\ADVAPI32.dll
0x00007ffbbe3c0000 - 0x00007ffbbe45e000 	C:\Windows\System32\msvcrt.dll
0x00007ffbc0690000 - 0x00007ffbc0732000 	C:\Windows\System32\sechost.dll
0x00007ffbc0740000 - 0x00007ffbc0858000 	C:\Windows\System32\RPCRT4.dll
0x00007ffbbe1f0000 - 0x00007ffbbe216000 	C:\Windows\System32\bcrypt.dll
0x00007ffbbeb80000 - 0x00007ffbbed17000 	C:\Windows\System32\USER32.dll
0x00007ffbbdd00000 - 0x00007ffbbdd20000 	C:\Windows\System32\win32u.dll
0x00007ffbb1a50000 - 0x00007ffbb1cc9000 	C:\Windows\WinSxS\amd64_microsoft.windows.common-controls_6595b64144ccf1df_6.0.17763.6532_none_de70be92534bb012\COMCTL32.dll
0x00007ffbc0eb0000 - 0x00007ffbc0ed9000 	C:\Windows\System32\GDI32.dll
0x00007ffbc0a70000 - 0x00007ffbc0d9a000 	C:\Windows\System32\combase.dll
0x00007ffbbd810000 - 0x00007ffbbd9b7000 	C:\Windows\System32\gdi32full.dll
0x00007ffbbdd20000 - 0x00007ffbbdda2000 	C:\Windows\System32\bcryptPrimitives.dll
0x00007ffbbd9c0000 - 0x00007ffbbda60000 	C:\Windows\System32\msvcp_win.dll
0x00007ffbb2890000 - 0x00007ffbb289a000 	C:\Windows\SYSTEM32\VERSION.dll
0x00007ffbc0fa0000 - 0x00007ffbc0fce000 	C:\Windows\System32\IMM32.DLL
0x00007ffb97ab0000 - 0x00007ffb97abc000 	C:\Program Files\Java\jdk-17\bin\vcruntime140_1.dll
0x00007ffb6cc90000 - 0x00007ffb6cd1e000 	C:\Program Files\Java\jdk-17\bin\msvcp140.dll
0x00007ffb3fd90000 - 0x00007ffb40971000 	C:\Program Files\Java\jdk-17\bin\server\jvm.dll
0x00007ffbbe3b0000 - 0x00007ffbbe3b8000 	C:\Windows\System32\PSAPI.DLL
0x00007ffbba970000 - 0x00007ffbba994000 	C:\Windows\SYSTEM32\WINMM.dll
0x00007ffbb0f30000 - 0x00007ffbb0f39000 	C:\Windows\SYSTEM32\WSOCK32.dll
0x00007ffbba770000 - 0x00007ffbba79d000 	C:\Windows\SYSTEM32\winmmbase.dll
0x00007ffbc0da0000 - 0x00007ffbc0e0d000 	C:\Windows\System32\WS2_32.dll
0x00007ffbbe1a0000 - 0x00007ffbbe1ea000 	C:\Windows\System32\cfgmgr32.dll
0x00007ffbbcff0000 - 0x00007ffbbd001000 	C:\Windows\System32\kernel.appcore.dll
0x00007ffb962d0000 - 0x00007ffb962da000 	C:\Program Files\Java\jdk-17\bin\jimage.dll
0x00007ffbb2940000 - 0x00007ffbb2b2d000 	C:\Windows\SYSTEM32\DBGHELP.DLL
0x00007ffbb2910000 - 0x00007ffbb293a000 	C:\Windows\SYSTEM32\dbgcore.DLL
0x00007ffb85ff0000 - 0x00007ffb85ffe000 	C:\Program Files\Java\jdk-17\bin\instrument.dll
0x00007ffb87570000 - 0x00007ffb87595000 	C:\Program Files\Java\jdk-17\bin\java.dll

dbghelp: loaded successfully - version: 4.0.5 - missing functions: none
symbol engine: initialized successfully - sym options: 0x614 - pdb path: .;C:\Program Files\Java\jdk-17\bin;C:\Windows\SYSTEM32;C:\Windows\WinSxS\amd64_microsoft.windows.common-controls_6595b64144ccf1df_6.0.17763.6532_none_de70be92534bb012;C:\Program Files\Java\jdk-17\bin\server

VM Arguments:
jvm_args: -XX:TieredStopAtLevel=1 -Dspring.output.ansi.enabled=always -Dcom.sun.management.jmxremote -Dspring.jmx.enabled=true -Dspring.liveBeansView.mbeanDomain -Dspring.application.admin.enabled=true -Dmanagement.endpoints.jmx.exposure.include=* -javaagent:C:\Program Files\JetBrains\IntelliJ IDEA 2024.2.4\lib\idea_rt.jar=53981:C:\Program Files\JetBrains\IntelliJ IDEA 2024.2.4\bin -Dfile.encoding=UTF-8 
java_command: com.NAFKOK.graphQlLearning.GraphQlLearningApplication
java_class_path (initial): C:\Users\m.shams\Desktop\graphQlLearning\target\classes;C:\Users\m.shams\.m2\repository\org\springframework\boot\spring-boot-starter-data-jpa\3.4.3\spring-boot-starter-data-jpa-3.4.3.jar;C:\Users\m.shams\.m2\repository\org\springframework\boot\spring-boot-starter\3.4.3\spring-boot-starter-3.4.3.jar;C:\Users\m.shams\.m2\repository\org\springframework\boot\spring-boot-starter-logging\3.4.3\spring-boot-starter-logging-3.4.3.jar;C:\Users\m.shams\.m2\repository\ch\qos\logback\logback-classic\1.5.16\logback-classic-1.5.16.jar;C:\Users\m.shams\.m2\repository\ch\qos\logback\logback-core\1.5.16\logback-core-1.5.16.jar;C:\Users\m.shams\.m2\repository\org\apache\logging\log4j\log4j-to-slf4j\2.24.3\log4j-to-slf4j-2.24.3.jar;C:\Users\m.shams\.m2\repository\org\apache\logging\log4j\log4j-api\2.24.3\log4j-api-2.24.3.jar;C:\Users\m.shams\.m2\repository\org\slf4j\jul-to-slf4j\2.0.16\jul-to-slf4j-2.0.16.jar;C:\Users\m.shams\.m2\repository\jakarta\annotation\jakarta.annotation-api\2.1.1\jakarta.annotation-api-2.1.1.jar;C:\Users\m.shams\.m2\repository\org\yaml\snakeyaml\2.3\snakeyaml-2.3.jar;C:\Users\m.shams\.m2\repository\org\springframework\boot\spring-boot-starter-jdbc\3.4.3\spring-boot-starter-jdbc-3.4.3.jar;C:\Users\m.shams\.m2\repository\com\zaxxer\HikariCP\5.1.0\HikariCP-5.1.0.jar;C:\Users\m.shams\.m2\repository\org\springframework\spring-jdbc\6.2.3\spring-jdbc-6.2.3.jar;C:\Users\m.shams\.m2\repository\org\hibernate\orm\hibernate-core\6.6.8.Final\hibernate-core-6.6.8.Final.jar;C:\Users\m.shams\.m2\repository\jakarta\persistence\jakarta.persistence-api\3.1.0\jakarta.persistence-api-3.1.0.jar;C:\Users\m.shams\.m2\repository\jakarta\transaction\jakarta.transaction-api\2.0.1\jakarta.transaction-api-2.0.1.jar;C:\Users\m.shams\.m2\repository\org\jboss\logging\jboss-logging\3.6.1.Final\jboss-logging-3.6.1.Final.jar;C:\Users\m.shams\.m2\repository\org\hibernate\common\hibernate-commons-annotations\7.0.3.Final\hibernate-commons-annotations-7.0.3.Final.jar;C:\
Launcher Type: SUN_STANDARD

[Global flags]
     intx CICompilerCount                          = 4                                         {product} {ergonomic}
     uint ConcGCThreads                            = 2                                         {product} {ergonomic}
     uint G1ConcRefinementThreads                  = 9                                         {product} {ergonomic}
   size_t G1HeapRegionSize                         = 8388608                                   {product} {ergonomic}
    uintx GCDrainStackTargetSize                   = 64                                        {product} {ergonomic}
   size_t InitialHeapSize                          = 838860800                                 {product} {ergonomic}
     bool ManagementServer                         = true                                      {product} {command line}
   size_t MarkStackSize                            = 4194304                                   {product} {ergonomic}
   size_t MaxHeapSize                              = 13421772800                               {product} {ergonomic}
   size_t MinHeapDeltaBytes                        = 8388608                                   {product} {ergonomic}
   size_t MinHeapSize                              = 8388608                                   {product} {ergonomic}
    uintx NonProfiledCodeHeapSize                  = 0                                      {pd product} {ergonomic}
     bool ProfileInterpreter                       = false                                  {pd product} {command line}
    uintx ProfiledCodeHeapSize                     = 0                                      {pd product} {ergonomic}
   size_t SoftMaxHeapSize                          = 13421772800                            {manageable} {ergonomic}
     intx TieredStopAtLevel                        = 1                                         {product} {command line}
     bool UseCompressedClassPointers               = true                           {product lp64_product} {ergonomic}
     bool UseCompressedOops                        = true                           {product lp64_product} {ergonomic}
     bool UseG1GC                                  = true                                      {product} {ergonomic}
     bool UseLargePagesIndividualAllocation        = false                                  {pd product} {ergonomic}

Logging:
Log output configuration:
 #0: stdout all=warning uptime,level,tags
 #1: stderr all=off uptime,level,tags

Environment Variables:
PATH=C:\Program Files\Common Files\Oracle\Java\javapath;C:\Windows\system32;C:\Windows;C:\Windows\System32\Wbem;C:\Windows\System32\WindowsPowerShell\v1.0\;C:\Windows\System32\OpenSSH\;C:\Program Files\dotnet\;C:\Program Files\Microsoft VS Code\bin;C:\Users\m.bagheri\AppData\Roaming\npm;C:\Program Files\WireGuard\;C:\Program Files\nodejs\;C:\maven36\maven3\bin\maven3\bin;C:\Users\m.shams\AppData\Local\Microsoft\WindowsApps;
USERNAME=m.shams
OS=Windows_NT
PROCESSOR_IDENTIFIER=Intel64 Family 6 Model 85 Stepping 5, GenuineIntel



---------------  S Y S T E M  ---------------

OS:
 Windows Server 2019 , 64 bit Build 17763 (10.0.17763.6292)
OS uptime: 4 days 20:42 hours
VMWare virtualization detected

CPU: total 10 (initial active 10) (1 cores per cpu, 1 threads per core) family 6 model 85 stepping 5 microcode 0x3000010, cx8, cmov, fxsr, mmx, 3dnowpref, sse, sse2, sse3, ssse3, sse4.1, sse4.2, popcnt, lzcnt, tsc, tscinvbit, avx, avx2, aes, erms, clmul, bmi1, bmi2, adx, avx512f, avx512dq, avx512cd, avx512bw, avx512vl, fma, vzeroupper, clflush, clflushopt, clwb, hv

Memory: 4k page, system-wide physical 51199M (845M free)
TotalPageFile size 94671M (AvailPageFile size 867M)
current process WorkingSet (physical memory assigned to process): 10M, peak: 10M
current process commit charge ("private bytes"): 57M, peak: 857M

vm_info: Java HotSpot(TM) 64-Bit Server VM (17.0.9+11-LTS-201) for windows-amd64 JRE (17.0.9+11-LTS-201), built on Oct 10 2023 23:16:06 by "mach5one" with MS VC++ 17.1 (VS2022)

END.
